
/home/runner/work/exp-flow-notches-iitb/exp-flow-notches-iitb/experiment/simulation/common_libraries/js/ts_components/collapse_step.js
   1:10  warning  'show_step' is defined but never used                 no-unused-vars
   2:5   warning  '$' is not defined                                    no-undef
   3:9   warning  '$' is not defined                                    no-undef
   6:10  warning  'hide_step' is defined but never used                 no-unused-vars
   7:5   warning  '$' is not defined                                    no-undef
   8:9   warning  '$' is not defined                                    no-undef
  11:10  warning  'get_collapse_btn_text' is defined but never used     no-unused-vars
  20:10  warning  'get_collapse_btn_element' is defined but never used  no-unused-vars
  29:10  warning  'hide_all_steps' is defined but never used            no-unused-vars
  31:9   warning  '$' is not defined                                    no-undef

/home/runner/work/exp-flow-notches-iitb/exp-flow-notches-iitb/experiment/simulation/common_libraries/js/ts_components/matrix.js
   27:26  warning  'MathJax' is not defined                                no-undef
   32:7   warning  'Matrix_Without_String' is defined but never used       no-unused-vars
   52:26  warning  'MathJax' is not defined                                no-undef
   56:10  warning  'get_matrix_html' is defined but never used             no-unused-vars
   87:13  warning  'row_html' is assigned a value but never used           no-unused-vars
   99:10  warning  'get_matrix_html_with_title' is defined but never used  no-unused-vars
  131:13  warning  'row_html' is assigned a value but never used           no-unused-vars
  143:10  warning  'convert_2d_to_1d_vector' is defined but never used     no-unused-vars
  156:10  warning  'convert_1d_to_2d_matrix' is defined but never used     no-unused-vars

/home/runner/work/exp-flow-notches-iitb/exp-flow-notches-iitb/experiment/simulation/common_libraries/js/ts_components/pannel.js
  8:7  warning  'Pannel' is defined but never used  no-unused-vars

/home/runner/work/exp-flow-notches-iitb/exp-flow-notches-iitb/experiment/simulation/common_libraries/js/ts_components/questions.js
   6:17  warning  'op1' is assigned a value but never used      no-unused-vars
   7:17  warning  'op2' is assigned a value but never used      no-unused-vars
   8:17  warning  'op3' is assigned a value but never used      no-unused-vars
   9:17  warning  'op4' is assigned a value but never used      no-unused-vars
  94:7   warning  'Question_Options' is defined but never used  no-unused-vars

/home/runner/work/exp-flow-notches-iitb/exp-flow-notches-iitb/experiment/simulation/common_libraries/js/ts_components/tables.js
   19:22  warning  'verify_values' is not defined                                     no-undef
  137:22  warning  'verify_values' is not defined                                     no-undef
  260:7   warning  'Verify_Rows_Cols_6_decimal_places' is defined but never used      no-unused-vars
  311:22  warning  'verify_values' is not defined                                     no-undef
  416:7   warning  'Verify_Rows_Cols_Custom_Fixed_Update1' is defined but never used  no-unused-vars
  468:7   warning  'Show_Table_Custom_Fixed' is defined but never used                no-unused-vars
  506:7   warning  'Verify_Rows_Cols_Strings' is defined but never used               no-unused-vars
  527:22  warning  'verify_values' is not defined                                     no-undef
  663:7   warning  'Display_Table' is defined but never used                          no-unused-vars

/home/runner/work/exp-flow-notches-iitb/exp-flow-notches-iitb/experiment/simulation/common_libraries/js/ts_math_library/general_math_functions.js
    1:10  warning  'verify_values' is defined but never used                   no-unused-vars
   17:10  warning  'random1' is defined but never used                         no-unused-vars
   21:10  warning  'std_deviation' is defined but never used                   no-unused-vars
   26:10  warning  'gauss' is defined but never used                           no-unused-vars
   56:10  warning  'hide_panel' is defined but never used                      no-unused-vars
   63:10  warning  'inverse_matrix' is defined but never used                  no-unused-vars
   96:10  warning  'matrix_multiplication' is defined but never used           no-unused-vars
  113:10  warning  'transpose_matrix' is defined but never used                no-unused-vars
  123:10  warning  'matrix_multiplication_8decimal' is defined but never used  no-unused-vars
  140:10  warning  'adjoint_2x2_matrix' is defined but never used              no-unused-vars
  145:10  warning  'find_deteminant' is defined but never used                 no-unused-vars
  174:10  warning  'get_Submatrix' is defined but never used                   no-unused-vars

/home/runner/work/exp-flow-notches-iitb/exp-flow-notches-iitb/experiment/simulation/common_libraries/js/ts_math_library/regression.js
   1:10  warning  'regression_linear' is defined but never used            no-unused-vars
  18:10  warning  'regression_linear_1variable' is defined but never used  no-unused-vars
  27:10  warning  'regression_linear_2variable' is defined but never used  no-unused-vars
  52:11  warning  'gauss' is not defined                                   no-undef

/home/runner/work/exp-flow-notches-iitb/exp-flow-notches-iitb/experiment/simulation/common_libraries/math.ob.js
  1:745  warning  'b' is already defined  no-redeclare

/home/runner/work/exp-flow-notches-iitb/exp-flow-notches-iitb/experiment/simulation/js/activity1.js
  19:24  warning  'MathJax' is not defined                no-undef
  22:10  warning  'start_act1' is defined but never used  no-unused-vars
  27:20  warning  'get_collapse_btn_text' is not defined  no-undef
  32:62  warning  'H' is not defined                      no-undef
  32:97  warning  'L' is not defined                      no-undef
  33:36  warning  'cd' is not defined                     no-undef
  52:5   warning  'hide_all_steps' is not defined         no-undef
  53:24  warning  'show_step' is not defined              no-undef
  54:24  warning  'MathJax' is not defined                no-undef
  58:17  warning  'H' is not defined                      no-undef
  59:17  warning  'L' is not defined                      no-undef
  60:5   warning  'Q' is not defined                      no-undef
  60:19  warning  'cd' is not defined                     no-undef
  60:47  warning  'g' is not defined                      no-undef
  61:5   warning  'Q_lit' is not defined                  no-undef
  61:13  warning  'Q' is not defined                      no-undef
  63:10  warning  'verify0' is defined but never used     no-unused-vars
  65:25  warning  'H' is not defined                      no-undef
  66:25  warning  'L' is not defined                      no-undef
  67:25  warning  'Q' is not defined                      no-undef
  68:34  warning  'Q_lit' is not defined                  no-undef
  73:10  warning  'verify_values' is not defined          no-undef
  73:82  warning  'Q' is not defined                      no-undef
  77:10  warning  'verify_values' is not defined          no-undef
  77:82  warning  'Q_lit' is not defined                  no-undef
  83:25  warning  'Q' is not defined                      no-undef
  85:25  warning  'Q_lit' is not defined                  no-undef
  88:5   warning  'activity2' is not defined              no-undef

/home/runner/work/exp-flow-notches-iitb/exp-flow-notches-iitb/experiment/simulation/js/activity2.js
   1:10   warning  'activity2' is defined but never used   no-unused-vars
  16:5    warning  'maindiv' is not defined                no-undef
  17:24   warning  'MathJax' is not defined                no-undef
  19:10   warning  'start_act2' is defined but never used  no-unused-vars
  24:20   warning  'get_collapse_btn_text' is not defined  no-undef
  29:68   warning  'theta' is not defined                  no-undef
  29:117  warning  'act2_H' is not defined                 no-undef
  30:36   warning  'act2_cd' is not defined                no-undef
  49:5    warning  'maindiv' is not defined                no-undef
  51:24   warning  'show_step' is not defined              no-undef
  52:24   warning  'MathJax' is not defined                no-undef
  55:17   warning  'act2_H' is not defined                 no-undef
  56:34   warning  'theta' is not defined                  no-undef
  57:5    warning  'act2_Q' is not defined                 no-undef
  57:25   warning  'act2_cd' is not defined                no-undef
  57:65   warning  'g' is not defined                      no-undef
  58:5    warning  'act2_Q_lit' is not defined             no-undef
  58:18   warning  'act2_Q' is not defined                 no-undef
  60:10   warning  'verify1' is defined but never used     no-unused-vars
  62:30   warning  'act2_Q' is not defined                 no-undef
  63:39   warning  'act2_Q_lit' is not defined             no-undef
  68:10   warning  'verify_values' is not defined          no-undef
  68:82   warning  'act2_Q' is not defined                 no-undef
  72:10   warning  'verify_values' is not defined          no-undef
  72:82   warning  'act2_Q_lit' is not defined             no-undef
  78:25   warning  'act2_Q' is not defined                 no-undef
  80:25   warning  'act2_Q_lit' is not defined             no-undef
  83:5    warning  'activity3' is not defined              no-undef

/home/runner/work/exp-flow-notches-iitb/exp-flow-notches-iitb/experiment/simulation/js/activity3.js
   1:10   warning  'activity3' is defined but never used   no-unused-vars
  16:5    warning  'maindiv' is not defined                no-undef
  17:24   warning  'MathJax' is not defined                no-undef
  19:10   warning  'start_act3' is defined but never used  no-unused-vars
  24:20   warning  'get_collapse_btn_text' is not defined  no-undef
  29:71   warning  'AE' is not defined                     no-undef
  29:98   warning  'CD' is not defined                     no-undef
  29:131  warning  'h' is not defined                      no-undef
  29:187  warning  'act3_H' is not defined                 no-undef
  30:37   warning  'act3_cd_trian' is not defined          no-undef
  31:37   warning  'act3_cd_rect' is not defined           no-undef
  50:5    warning  'maindiv' is not defined                no-undef
  52:24   warning  'show_step' is not defined              no-undef
  53:24   warning  'MathJax' is not defined                no-undef
  56:17   warning  'act3_H' is not defined                 no-undef
  57:17   warning  'h' is not defined                      no-undef
  58:26   warning  'AE' is not defined                     no-undef
  58:31   warning  'CD' is not defined                     no-undef
  59:5    warning  'act3_Q' is not defined                 no-undef
  59:26   warning  'act3_cd_trian' is not defined          no-undef
  59:72   warning  'g' is not defined                      no-undef
  59:119  warning  'act3_cd_rect' is not defined           no-undef
  59:134  warning  'CD' is not defined                     no-undef
  59:154  warning  'g' is not defined                      no-undef
  60:5    warning  'act3_Q_lit' is not defined             no-undef
  60:18   warning  'act3_Q' is not defined                 no-undef
  62:10   warning  'verify2' is defined but never used     no-unused-vars
  64:30   warning  'act3_Q' is not defined                 no-undef
  65:39   warning  'act3_Q_lit' is not defined             no-undef
  70:10   warning  'verify_values' is not defined          no-undef
  70:82   warning  'act3_Q' is not defined                 no-undef
  74:10   warning  'verify_values' is not defined          no-undef
  74:82   warning  'act3_Q_lit' is not defined             no-undef
  80:25   warning  'act3_Q' is not defined                 no-undef
  82:25   warning  'act3_Q_lit' is not defined             no-undef
  85:5    warning  'activity4' is not defined              no-undef

/home/runner/work/exp-flow-notches-iitb/exp-flow-notches-iitb/experiment/simulation/js/activity4.js
    1:10   warning  'activity4' is defined but never used   no-unused-vars
   16:5    warning  'maindiv' is not defined                no-undef
   17:24   warning  'MathJax' is not defined                no-undef
   19:10   warning  'start_act4' is defined but never used  no-unused-vars
   24:20   warning  'get_collapse_btn_text' is not defined  no-undef
   29:121  warning  'act4_cd' is not defined                no-undef
   33:31   warning  'act4_L1' is not defined                no-undef
   33:79   warning  'act4_H1' is not defined                no-undef
   34:31   warning  'act4_L2' is not defined                no-undef
   34:79   warning  'act4_H2' is not defined                no-undef
   35:31   warning  'act4_L3' is not defined                no-undef
   35:79   warning  'act4_H3' is not defined                no-undef
   75:5    warning  'maindiv' is not defined                no-undef
   77:24   warning  'show_step' is not defined              no-undef
   78:24   warning  'MathJax' is not defined                no-undef
   81:5    warning  'act4_Q1' is not defined                no-undef
   81:25   warning  'act4_cd' is not defined                no-undef
   81:35   warning  'act4_L1' is not defined                no-undef
   81:66   warning  'g' is not defined                      no-undef
   81:84   warning  'act4_H1' is not defined                no-undef
   81:123  warning  'act4_H2' is not defined                no-undef
   82:5    warning  'act4_Q1_lit' is not defined            no-undef
   82:19   warning  'act4_Q1' is not defined                no-undef
   83:5    warning  'act4_Q2' is not defined                no-undef
   83:25   warning  'act4_cd' is not defined                no-undef
   83:35   warning  'act4_L2' is not defined                no-undef
   83:66   warning  'g' is not defined                      no-undef
   83:84   warning  'act4_H2' is not defined                no-undef
   83:123  warning  'act4_H3' is not defined                no-undef
   84:5    warning  'act4_Q2_lit' is not defined            no-undef
   84:19   warning  'act4_Q2' is not defined                no-undef
   85:5    warning  'act4_Q3' is not defined                no-undef
   85:25   warning  'act4_cd' is not defined                no-undef
   85:35   warning  'act4_L3' is not defined                no-undef
   85:66   warning  'g' is not defined                      no-undef
   85:83   warning  'act4_H3' is not defined                no-undef
   86:5    warning  'act4_Q3_lit' is not defined            no-undef
   86:19   warning  'act4_Q3' is not defined                no-undef
   87:5    warning  'act4_Q_total_lit' is not defined       no-undef
   87:24   warning  'act4_Q1_lit' is not defined            no-undef
   87:38   warning  'act4_Q2_lit' is not defined            no-undef
   87:52   warning  'act4_Q3_lit' is not defined            no-undef
   89:10   warning  'verify3' is defined but never used     no-unused-vars
   91:31   warning  'act4_Q1' is not defined                no-undef
   92:40   warning  'act4_Q1_lit' is not defined            no-undef
   93:31   warning  'act4_Q2' is not defined                no-undef
   94:40   warning  'act4_Q2_lit' is not defined            no-undef
   95:31   warning  'act4_Q3' is not defined                no-undef
   96:40   warning  'act4_Q3_lit' is not defined            no-undef
   97:45   warning  'act4_Q_total_lit' is not defined       no-undef
  112:10   warning  'verify_values' is not defined          no-undef
  112:82   warning  'act4_Q1' is not defined                no-undef
  116:10   warning  'verify_values' is not defined          no-undef
  116:82   warning  'act4_Q1_lit' is not defined            no-undef
  120:10   warning  'verify_values' is not defined          no-undef
  120:82   warning  'act4_Q2' is not defined                no-undef
  124:10   warning  'verify_values' is not defined          no-undef
  124:82   warning  'act4_Q2_lit' is not defined            no-undef
  128:10   warning  'verify_values' is not defined          no-undef
  128:82   warning  'act4_Q3' is not defined                no-undef
  132:10   warning  'verify_values' is not defined          no-undef
  132:82   warning  'act4_Q3_lit' is not defined            no-undef
  136:10   warning  'verify_values' is not defined          no-undef
  136:82   warning  'act4_Q_total_lit' is not defined       no-undef
  142:25   warning  'act4_Q1' is not defined                no-undef
  144:25   warning  'act4_Q1_lit' is not defined            no-undef
  146:25   warning  'act4_Q2' is not defined                no-undef
  148:25   warning  'act4_Q2_lit' is not defined            no-undef
  150:25   warning  'act4_Q3' is not defined                no-undef
  152:25   warning  'act4_Q3_lit' is not defined            no-undef
  154:25   warning  'act4_Q_total_lit' is not defined       no-undef

/home/runner/work/exp-flow-notches-iitb/exp-flow-notches-iitb/experiment/simulation/js/data.js
   2:5  warning  'g' is assigned a value but never used                 no-unused-vars
   4:5  warning  'H' is assigned a value but never used                 no-unused-vars
   5:5  warning  'L' is assigned a value but never used                 no-unused-vars
   6:5  warning  'cd' is assigned a value but never used                no-unused-vars
   7:5  warning  'Q' is assigned a value but never used                 no-unused-vars
   8:5  warning  'Q_lit' is assigned a value but never used             no-unused-vars
  10:5  warning  'theta' is assigned a value but never used             no-unused-vars
  11:5  warning  'act2_H' is assigned a value but never used            no-unused-vars
  12:5  warning  'act2_cd' is assigned a value but never used           no-unused-vars
  13:5  warning  'act2_Q' is assigned a value but never used            no-unused-vars
  14:5  warning  'act2_Q_lit' is assigned a value but never used        no-unused-vars
  16:5  warning  'AE' is assigned a value but never used                no-unused-vars
  17:5  warning  'CD' is assigned a value but never used                no-unused-vars
  18:5  warning  'h' is assigned a value but never used                 no-unused-vars
  19:5  warning  'act3_H' is assigned a value but never used            no-unused-vars
  20:5  warning  'act3_cd_trian' is assigned a value but never used     no-unused-vars
  21:5  warning  'act3_cd_rect' is assigned a value but never used      no-unused-vars
  22:5  warning  'act3_Q' is assigned a value but never used            no-unused-vars
  23:5  warning  'act3_Q_lit' is assigned a value but never used        no-unused-vars
  25:5  warning  'act4_cd' is assigned a value but never used           no-unused-vars
  26:5  warning  'act4_L1' is assigned a value but never used           no-unused-vars
  27:5  warning  'act4_L2' is assigned a value but never used           no-unused-vars
  28:5  warning  'act4_L3' is assigned a value but never used           no-unused-vars
  29:5  warning  'act4_H1' is assigned a value but never used           no-unused-vars
  30:5  warning  'act4_H2' is assigned a value but never used           no-unused-vars
  31:5  warning  'act4_H3' is assigned a value but never used           no-unused-vars
  32:5  warning  'act4_Q1' is assigned a value but never used           no-unused-vars
  33:5  warning  'act4_Q2' is assigned a value but never used           no-unused-vars
  34:5  warning  'act4_Q3' is assigned a value but never used           no-unused-vars
  35:5  warning  'act4_Q1_lit' is assigned a value but never used       no-unused-vars
  36:5  warning  'act4_Q2_lit' is assigned a value but never used       no-unused-vars
  37:5  warning  'act4_Q3_lit' is assigned a value but never used       no-unused-vars
  38:5  warning  'act4_Q_total_lit' is assigned a value but never used  no-unused-vars

✖ 247 problems (0 errors, 247 warnings)

